{
  "stats": {
    "suites": 198,
    "tests": 389,
    "passes": 134,
    "pending": 255,
    "failures": 0,
    "start": "2021-04-06T04:28:09.063Z",
    "end": "2021-04-06T04:29:02.979Z",
    "duration": 53916,
    "testsRegistered": 396,
    "passPercent": 95.0354609929078,
    "pendingPercent": 64.39393939393939,
    "other": 1,
    "hasOther": true,
    "skipped": 7,
    "hasSkipped": true
  },
  "results": [
    {
      "uuid": "86b760d3-fed2-497a-b8f0-b88a44e8e20d",
      "title": "",
      "fullFile": "",
      "file": "",
      "beforeHooks": [
        {
          "title": "\"before all\" hook: 平台登录",
          "fullTitle": "\"before all\" hook: 平台登录",
          "timedOut": false,
          "duration": 443,
          "state": null,
          "speed": null,
          "pass": false,
          "fail": false,
          "pending": false,
          "context": null,
          "code": "await yssLogin.platfrom({\n    userType: 'yyzg'\n})\n// 设定评画价格参数\nawait public.saveEvalPrice();\n// 获取评画老师\nteacher = await teacherManage.returnTeacher();\n// 获取线上评画数据\nawait yssLogin.onlineClientLogin({\n    loginName: 'mihuan4',\n    password: 'Xsk001',\n    device: 'm'\n})\nawait eval.getOnlinePic();",
          "err": {},
          "uuid": "a8ef6122-f433-4110-94dc-2658ef037cd1",
          "parentUUID": "86b760d3-fed2-497a-b8f0-b88a44e8e20d",
          "isHook": true,
          "skipped": false
        },
        {
          "title": "\"before all\" hook: 用户登录",
          "fullTitle": "\"before all\" hook: 用户登录",
          "timedOut": false,
          "duration": 103,
          "state": null,
          "speed": null,
          "pass": false,
          "fail": false,
          "pending": false,
          "context": null,
          "code": "loginAccount = {\n    loginName: 'haima6',\n    password: 'Csk001',\n    device: 'm'\n}\nawait yssLogin.clientLogin(loginAccount);\n// 获取用户信息\nawait prob.getUser();",
          "err": {},
          "uuid": "4d9ddaf7-5fd2-422f-bef3-d8b6ea023477",
          "parentUUID": "86b760d3-fed2-497a-b8f0-b88a44e8e20d",
          "isHook": true,
          "skipped": false
        }
      ],
      "afterHooks": [],
      "tests": [],
      "suites": [
        {
          "uuid": "55748760-3ca8-46f5-acf3-cb3401474df8",
          "title": "留学部客户系统管理",
          "fullFile": "C:\\Users\\86132\\Documents\\yss\\project\\test\\crm\\crm.js",
          "file": "\\project\\test\\crm\\crm.js",
          "beforeHooks": [],
          "afterHooks": [],
          "tests": [],
          "suites": [
            {
              "uuid": "5748b4c4-1c1e-4894-9556-29531a3b2518",
              "title": "添加公海信息",
              "fullFile": "C:\\Users\\86132\\Documents\\yss\\project\\test\\crm\\crm.js",
              "file": "\\project\\test\\crm\\crm.js",
              "beforeHooks": [],
              "afterHooks": [],
              "tests": [],
              "suites": [
                {
                  "uuid": "962f19b2-451f-41fb-b90e-1dbb1aee462b",
                  "title": "添加意向征集表",
                  "fullFile": "C:\\Users\\86132\\Documents\\yss\\project\\test\\crm\\crm.js",
                  "file": "\\project\\test\\crm\\crm.js",
                  "beforeHooks": [],
                  "afterHooks": [],
                  "tests": [
                    {
                      "title": "查询公海线索列表",
                      "fullTitle": "留学部客户系统管理 添加公海信息 添加意向征集表 查询公海线索列表",
                      "timedOut": false,
                      "duration": 0,
                      "state": null,
                      "speed": null,
                      "pass": false,
                      "fail": false,
                      "pending": true,
                      "context": null,
                      "code": "",
                      "err": {},
                      "uuid": "1a2aef63-cbf8-4a83-8d12-2447964770ae",
                      "parentUUID": "962f19b2-451f-41fb-b90e-1dbb1aee462b",
                      "isHook": false,
                      "skipped": false
                    }
                  ],
                  "suites": [],
                  "passes": [],
                  "failures": [],
                  "pending": [
                    "1a2aef63-cbf8-4a83-8d12-2447964770ae"
                  ],
                  "skipped": [],
                  "duration": 0,
                  "root": false,
                  "rootEmpty": false,
                  "_timeout": 90000
                },
                {
                  "uuid": "7001e4eb-54f0-4fae-be17-a2c3691e3aff",
                  "title": "留学咨询评论",
                  "fullFile": "C:\\Users\\86132\\Documents\\yss\\project\\test\\crm\\crm.js",
                  "file": "\\project\\test\\crm\\crm.js",
                  "beforeHooks": [],
                  "afterHooks": [],
                  "tests": [
                    {
                      "title": "查询公海线索列表",
                      "fullTitle": "留学部客户系统管理 添加公海信息 留学咨询评论 查询公海线索列表",
                      "timedOut": false,
                      "duration": 0,
                      "state": null,
                      "speed": null,
                      "pass": false,
                      "fail": false,
                      "pending": true,
                      "context": null,
                      "code": "",
                      "err": {},
                      "uuid": "60d1ce9c-e0a2-4ea4-815b-695a068891e6",
                      "parentUUID": "7001e4eb-54f0-4fae-be17-a2c3691e3aff",
                      "isHook": false,
                      "skipped": false
                    }
                  ],
                  "suites": [],
                  "passes": [],
                  "failures": [],
                  "pending": [
                    "60d1ce9c-e0a2-4ea4-815b-695a068891e6"
                  ],
                  "skipped": [],
                  "duration": 0,
                  "root": false,
                  "rootEmpty": false,
                  "_timeout": 90000
                },
                {
                  "uuid": "a9977f47-8200-4bf6-a1aa-c54ec0cdf27e",
                  "title": "留学私信咨询发送CRM",
                  "fullFile": "C:\\Users\\86132\\Documents\\yss\\project\\test\\crm\\crm.js",
                  "file": "\\project\\test\\crm\\crm.js",
                  "beforeHooks": [],
                  "afterHooks": [],
                  "tests": [
                    {
                      "title": "查询公海线索列表",
                      "fullTitle": "留学部客户系统管理 添加公海信息 留学私信咨询发送CRM 查询公海线索列表",
                      "timedOut": false,
                      "duration": 0,
                      "state": null,
                      "speed": null,
                      "pass": false,
                      "fail": false,
                      "pending": true,
                      "context": null,
                      "code": "",
                      "err": {},
                      "uuid": "183a481d-67af-4ba9-bca8-4482fbc888ae",
                      "parentUUID": "a9977f47-8200-4bf6-a1aa-c54ec0cdf27e",
                      "isHook": false,
                      "skipped": false
                    }
                  ],
                  "suites": [],
                  "passes": [],
                  "failures": [],
                  "pending": [
                    "183a481d-67af-4ba9-bca8-4482fbc888ae"
                  ],
                  "skipped": [],
                  "duration": 0,
                  "root": false,
                  "rootEmpty": false,
                  "_timeout": 90000
                }
              ],
              "passes": [],
              "failures": [],
              "pending": [],
              "skipped": [],
              "duration": 0,
              "root": false,
              "rootEmpty": false,
              "_timeout": 90000
            },
            {
              "uuid": "af965d3f-b402-4930-9b48-765efeec0354",
              "title": "添加消息列表信息",
              "fullFile": "C:\\Users\\86132\\Documents\\yss\\project\\test\\crm\\crm.js",
              "file": "\\project\\test\\crm\\crm.js",
              "beforeHooks": [],
              "afterHooks": [],
              "tests": [
                {
                  "title": "分配用户",
                  "fullTitle": "留学部客户系统管理 添加消息列表信息 分配用户",
                  "timedOut": false,
                  "duration": 0,
                  "state": null,
                  "speed": null,
                  "pass": false,
                  "fail": false,
                  "pending": true,
                  "context": null,
                  "code": "",
                  "err": {},
                  "uuid": "8d3db142-8510-46ee-843a-3af23e667b12",
                  "parentUUID": "af965d3f-b402-4930-9b48-765efeec0354",
                  "isHook": false,
                  "skipped": false
                }
              ],
              "suites": [],
              "passes": [],
              "failures": [],
              "pending": [
                "8d3db142-8510-46ee-843a-3af23e667b12"
              ],
              "skipped": [],
              "duration": 0,
              "root": false,
              "rootEmpty": false,
              "_timeout": 90000
            }
          ],
          "passes": [],
          "failures": [],
          "pending": [],
          "skipped": [],
          "duration": 0,
          "root": false,
          "rootEmpty": false,
          "_timeout": 90000
        },
        {
          "uuid": "0661c6fc-027c-4b32-8276-05059f4a5a1d",
          "title": "留学部客户系统管理",
          "fullFile": "C:\\Users\\86132\\Documents\\yss\\project\\test\\crm\\crmThread.js",
          "file": "\\project\\test\\crm\\crmThread.js",
          "beforeHooks": [],
          "afterHooks": [],
          "tests": [],
          "suites": [
            {
              "uuid": "8b0822b7-cf83-4277-98d0-1b505eeaa053",
              "title": "添加公海信息",
              "fullFile": "C:\\Users\\86132\\Documents\\yss\\project\\test\\crm\\crmThread.js",
              "file": "\\project\\test\\crm\\crmThread.js",
              "beforeHooks": [],
              "afterHooks": [],
              "tests": [],
              "suites": [
                {
                  "uuid": "59726e5f-ec6f-47b6-bf83-5ad236205b49",
                  "title": "添加意向征集表",
                  "fullFile": "C:\\Users\\86132\\Documents\\yss\\project\\test\\crm\\crmThread.js",
                  "file": "\\project\\test\\crm\\crmThread.js",
                  "beforeHooks": [],
                  "afterHooks": [],
                  "tests": [
                    {
                      "title": "公海-线索列表",
                      "fullTitle": "留学部客户系统管理 添加公海信息 添加意向征集表 公海-线索列表",
                      "timedOut": false,
                      "duration": 0,
                      "state": null,
                      "speed": null,
                      "pass": false,
                      "fail": false,
                      "pending": true,
                      "context": null,
                      "code": "",
                      "err": {},
                      "uuid": "2971101f-61ed-4b64-9547-cc58c4337a03",
                      "parentUUID": "59726e5f-ec6f-47b6-bf83-5ad236205b49",
                      "isHook": false,
                      "skipped": false
                    }
                  ],
                  "suites": [],
                  "passes": [],
                  "failures": [],
                  "pending": [
                    "2971101f-61ed-4b64-9547-cc58c4337a03"
                  ],
                  "skipped": [],
                  "duration": 0,
                  "root": false,
                  "rootEmpty": false,
                  "_timeout": 90000
                },
                {
                  "uuid": "8868ed8e-35cb-4bfc-8cf5-6c4b68f15bd2",
                  "title": "留学咨询评论",
                  "fullFile": "C:\\Users\\86132\\Documents\\yss\\project\\test\\crm\\crmThread.js",
                  "file": "\\project\\test\\crm\\crmThread.js",
                  "beforeHooks": [],
                  "afterHooks": [],
                  "tests": [
                    {
                      "title": "公海-线索列表",
                      "fullTitle": "留学部客户系统管理 添加公海信息 留学咨询评论 公海-线索列表",
                      "timedOut": false,
                      "duration": 0,
                      "state": null,
                      "speed": null,
                      "pass": false,
                      "fail": false,
                      "pending": true,
                      "context": null,
                      "code": "",
                      "err": {},
                      "uuid": "5ee76992-427a-4ade-b35e-9f39f7690bb1",
                      "parentUUID": "8868ed8e-35cb-4bfc-8cf5-6c4b68f15bd2",
                      "isHook": false,
                      "skipped": false
                    }
                  ],
                  "suites": [],
                  "passes": [],
                  "failures": [],
                  "pending": [
                    "5ee76992-427a-4ade-b35e-9f39f7690bb1"
                  ],
                  "skipped": [],
                  "duration": 0,
                  "root": false,
                  "rootEmpty": false,
                  "_timeout": 90000
                },
                {
                  "uuid": "1bb325e9-ff3e-401f-b0d9-e194a6306adc",
                  "title": "留学私信咨询发送CRM",
                  "fullFile": "C:\\Users\\86132\\Documents\\yss\\project\\test\\crm\\crmThread.js",
                  "file": "\\project\\test\\crm\\crmThread.js",
                  "beforeHooks": [],
                  "afterHooks": [],
                  "tests": [
                    {
                      "title": "公海-线索列表",
                      "fullTitle": "留学部客户系统管理 添加公海信息 留学私信咨询发送CRM 公海-线索列表",
                      "timedOut": false,
                      "duration": 0,
                      "state": null,
                      "speed": null,
                      "pass": false,
                      "fail": false,
                      "pending": true,
                      "context": null,
                      "code": "",
                      "err": {},
                      "uuid": "d1db415f-7bfe-4e67-b7a5-f1bb4915b452",
                      "parentUUID": "1bb325e9-ff3e-401f-b0d9-e194a6306adc",
                      "isHook": false,
                      "skipped": false
                    }
                  ],
                  "suites": [],
                  "passes": [],
                  "failures": [],
                  "pending": [
                    "d1db415f-7bfe-4e67-b7a5-f1bb4915b452"
                  ],
                  "skipped": [],
                  "duration": 0,
                  "root": false,
                  "rootEmpty": false,
                  "_timeout": 90000
                }
              ],
              "passes": [],
              "failures": [],
              "pending": [],
              "skipped": [],
              "duration": 0,
              "root": false,
              "rootEmpty": false,
              "_timeout": 90000
            }
          ],
          "passes": [],
          "failures": [],
          "pending": [],
          "skipped": [],
          "duration": 0,
          "root": false,
          "rootEmpty": false,
          "_timeout": 90000
        },
        {
          "uuid": "1f8a5927-3739-4313-ba1c-2add6ac4055f",
          "title": "评画老师",
          "fullFile": "C:\\Users\\86132\\Documents\\yss\\project\\test\\eval\\evalTeacher.js",
          "file": "\\project\\test\\eval\\evalTeacher.js",
          "beforeHooks": [],
          "afterHooks": [],
          "tests": [],
          "suites": [
            {
              "uuid": "9c1c65f7-e2a9-4fcb-8488-cd8e7d864a2a",
              "title": "新增评画老师",
              "fullFile": "C:\\Users\\86132\\Documents\\yss\\project\\test\\eval\\evalTeacher.js",
              "file": "\\project\\test\\eval\\evalTeacher.js",
              "beforeHooks": [],
              "afterHooks": [],
              "tests": [
                {
                  "title": "查询评画老师列表",
                  "fullTitle": "评画老师 新增评画老师 查询评画老师列表",
                  "timedOut": false,
                  "duration": 0,
                  "state": null,
                  "speed": null,
                  "pass": false,
                  "fail": false,
                  "pending": true,
                  "context": null,
                  "code": "",
                  "err": {},
                  "uuid": "b0debe83-6bd3-4121-a627-f739e0b09519",
                  "parentUUID": "9c1c65f7-e2a9-4fcb-8488-cd8e7d864a2a",
                  "isHook": false,
                  "skipped": false
                }
              ],
              "suites": [],
              "passes": [],
              "failures": [],
              "pending": [
                "b0debe83-6bd3-4121-a627-f739e0b09519"
              ],
              "skipped": [],
              "duration": 0,
              "root": false,
              "rootEmpty": false,
              "_timeout": 90000
            }
          ],
          "passes": [],
          "failures": [],
          "pending": [],
          "skipped": [],
          "duration": 0,
          "root": false,
          "rootEmpty": false,
          "_timeout": 90000
        },
        {
          "uuid": "56c287b2-9307-406f-af21-a0e1d1e4f2ac",
          "title": "报考指南",
          "fullFile": "C:\\Users\\86132\\Documents\\yss\\project\\test\\guide\\guide.js",
          "file": "\\project\\test\\guide\\guide.js",
          "beforeHooks": [],
          "afterHooks": [],
          "tests": [
            {
              "title": "运营主管登录",
              "fullTitle": "报考指南 运营主管登录",
              "timedOut": false,
              "duration": 0,
              "state": null,
              "speed": null,
              "pass": false,
              "fail": false,
              "pending": true,
              "context": null,
              "code": "",
              "err": {},
              "uuid": "151b746e-ddad-4fe2-9520-42f141dbdf70",
              "parentUUID": "56c287b2-9307-406f-af21-a0e1d1e4f2ac",
              "isHook": false,
              "skipped": false
            },
            {
              "title": "保存指南用户",
              "fullTitle": "报考指南 保存指南用户",
              "timedOut": false,
              "duration": 0,
              "state": null,
              "speed": null,
              "pass": false,
              "fail": false,
              "pending": true,
              "context": null,
              "code": "",
              "err": {},
              "uuid": "03c3f31f-81f2-4a3f-8915-79565c3ce03d",
              "parentUUID": "56c287b2-9307-406f-af21-a0e1d1e4f2ac",
              "isHook": false,
              "skipped": false
            },
            {
              "title": "指南首页公告列表",
              "fullTitle": "报考指南 指南首页公告列表",
              "timedOut": false,
              "duration": 0,
              "state": null,
              "speed": null,
              "pass": false,
              "fail": false,
              "pending": true,
              "context": null,
              "code": "",
              "err": {},
              "uuid": "2343a35b-ec78-4cec-b3b6-41bd97f01868",
              "parentUUID": "56c287b2-9307-406f-af21-a0e1d1e4f2ac",
              "isHook": false,
              "skipped": false
            },
            {
              "title": "指南统考类型列表",
              "fullTitle": "报考指南 指南统考类型列表",
              "timedOut": false,
              "duration": 0,
              "state": null,
              "speed": null,
              "pass": false,
              "fail": false,
              "pending": true,
              "context": null,
              "code": "",
              "err": {},
              "uuid": "787ad4ac-e29f-448e-b536-b96653bacc50",
              "parentUUID": "56c287b2-9307-406f-af21-a0e1d1e4f2ac",
              "isHook": false,
              "skipped": false
            },
            {
              "title": "指南院校列表",
              "fullTitle": "报考指南 指南院校列表",
              "timedOut": false,
              "duration": 0,
              "state": null,
              "speed": null,
              "pass": false,
              "fail": false,
              "pending": true,
              "context": null,
              "code": "",
              "err": {},
              "uuid": "2d80b699-d4da-4405-b305-8ceaa98ae64b",
              "parentUUID": "56c287b2-9307-406f-af21-a0e1d1e4f2ac",
              "isHook": false,
              "skipped": false
            }
          ],
          "suites": [],
          "passes": [],
          "failures": [],
          "pending": [
            "151b746e-ddad-4fe2-9520-42f141dbdf70",
            "03c3f31f-81f2-4a3f-8915-79565c3ce03d",
            "2343a35b-ec78-4cec-b3b6-41bd97f01868",
            "787ad4ac-e29f-448e-b536-b96653bacc50",
            "2d80b699-d4da-4405-b305-8ceaa98ae64b"
          ],
          "skipped": [],
          "duration": 0,
          "root": false,
          "rootEmpty": false,
          "_timeout": 90000
        },
        {
          "uuid": "4759d6f9-a493-499c-abff-cea3d2cb1df1",
          "title": "圈子",
          "fullFile": "C:\\Users\\86132\\Documents\\yss\\project\\test\\hlq\\factionalism.js",
          "file": "\\project\\test\\hlq\\factionalism.js",
          "beforeHooks": [
            {
              "title": "\"before all\" hook: 运营主管登录",
              "fullTitle": "圈子 \"before all\" hook: 运营主管登录",
              "timedOut": false,
              "duration": 29,
              "state": null,
              "speed": null,
              "pass": false,
              "fail": false,
              "pending": false,
              "context": null,
              "code": "await yssLogin.platfrom({\n    userType: 'yyzg'\n})\n// console.log(PLAT_LOGINDATA);",
              "err": {},
              "uuid": "5a0b9ded-beb2-41be-8c82-808afb0ca1dd",
              "parentUUID": "4759d6f9-a493-499c-abff-cea3d2cb1df1",
              "isHook": true,
              "skipped": false
            }
          ],
          "afterHooks": [],
          "tests": [],
          "suites": [
            {
              "uuid": "bdeb312f-5c0c-41ef-b02c-4c0e86b000ef",
              "title": "新增圈子类型",
              "fullFile": "C:\\Users\\86132\\Documents\\yss\\project\\test\\hlq\\factionalism.js",
              "file": "\\project\\test\\hlq\\factionalism.js",
              "beforeHooks": [
                {
                  "title": "\"before all\" hook: 新增",
                  "fullTitle": "圈子 新增圈子类型 \"before all\" hook: 新增",
                  "timedOut": false,
                  "duration": 168,
                  "state": null,
                  "speed": null,
                  "pass": false,
                  "fail": false,
                  "pending": false,
                  "context": null,
                  "code": "await faction.saveType();",
                  "err": {},
                  "uuid": "bd519bcf-f956-4fe8-aaf0-ff1a08bae560",
                  "parentUUID": "bdeb312f-5c0c-41ef-b02c-4c0e86b000ef",
                  "isHook": true,
                  "skipped": false
                }
              ],
              "afterHooks": [],
              "tests": [
                {
                  "title": "查看圈子类型列表",
                  "fullTitle": "圈子 新增圈子类型 查看圈子类型列表",
                  "timedOut": false,
                  "duration": 38,
                  "state": "passed",
                  "speed": "fast",
                  "pass": true,
                  "fail": false,
                  "pending": false,
                  "context": null,
                  "code": "await faction.groupsTypeListAssert();",
                  "err": {},
                  "uuid": "43b897f1-21e2-4932-afed-a124397b03ee",
                  "parentUUID": "bdeb312f-5c0c-41ef-b02c-4c0e86b000ef",
                  "isHook": false,
                  "skipped": false
                }
              ],
              "suites": [],
              "passes": [
                "43b897f1-21e2-4932-afed-a124397b03ee"
              ],
              "failures": [],
              "pending": [],
              "skipped": [],
              "duration": 38,
              "root": false,
              "rootEmpty": false,
              "_timeout": 90000
            },
            {
              "uuid": "43122c43-c6e9-4931-ab40-fde2f71c1c27",
              "title": "新增圈子",
              "fullFile": "C:\\Users\\86132\\Documents\\yss\\project\\test\\hlq\\factionalism.js",
              "file": "\\project\\test\\hlq\\factionalism.js",
              "beforeHooks": [
                {
                  "title": "\"before all\" hook: 新增",
                  "fullTitle": "圈子 新增圈子 \"before all\" hook: 新增",
                  "timedOut": false,
                  "duration": 215,
                  "state": null,
                  "speed": null,
                  "pass": false,
                  "fail": false,
                  "pending": false,
                  "context": null,
                  "code": "await faction.saveGroup();",
                  "err": {},
                  "uuid": "f241ef7d-f6b7-440b-ad20-317d3e38766e",
                  "parentUUID": "43122c43-c6e9-4931-ab40-fde2f71c1c27",
                  "isHook": true,
                  "skipped": false
                }
              ],
              "afterHooks": [],
              "tests": [
                {
                  "title": "查询圈子列表",
                  "fullTitle": "圈子 新增圈子 查询圈子列表",
                  "timedOut": false,
                  "duration": 75,
                  "state": "passed",
                  "speed": "fast",
                  "pass": true,
                  "fail": false,
                  "pending": false,
                  "context": null,
                  "code": "await faction.groupListAssert();",
                  "err": {},
                  "uuid": "1235fd11-a56c-4f83-a208-72706ba53280",
                  "parentUUID": "43122c43-c6e9-4931-ab40-fde2f71c1c27",
                  "isHook": false,
                  "skipped": false
                },
                {
                  "title": "圈子成员列表",
                  "fullTitle": "圈子 新增圈子 圈子成员列表",
                  "timedOut": false,
                  "duration": 44,
                  "state": "passed",
                  "speed": "fast",
                  "pass": true,
                  "fail": false,
                  "pending": false,
                  "context": null,
                  "code": "await faction.groupUserListAssert()",
                  "err": {},
                  "uuid": "feb2547b-5089-42ad-9233-ba042d61cb7f",
                  "parentUUID": "43122c43-c6e9-4931-ab40-fde2f71c1c27",
                  "isHook": false,
                  "skipped": false
                },
                {
                  "title": "圈子统计数据",
                  "fullTitle": "圈子 新增圈子 圈子统计数据",
                  "timedOut": false,
                  "duration": 205,
                  "state": "passed",
                  "speed": "fast",
                  "pass": true,
                  "fail": false,
                  "pending": false,
                  "context": null,
                  "code": "await faction.singlenGroupDataAssert();",
                  "err": {},
                  "uuid": "9005fce8-16dd-4263-8796-1867f2ef6191",
                  "parentUUID": "43122c43-c6e9-4931-ab40-fde2f71c1c27",
                  "isHook": false,
                  "skipped": false
                }
              ],
              "suites": [],
              "passes": [
                "1235fd11-a56c-4f83-a208-72706ba53280",
                "feb2547b-5089-42ad-9233-ba042d61cb7f",
                "9005fce8-16dd-4263-8796-1867f2ef6191"
              ],
              "failures": [],
              "pending": [],
              "skipped": [],
              "duration": 324,
              "root": false,
              "rootEmpty": false,
              "_timeout": 90000
            },
            {
              "uuid": "4ed2bed2-0929-4f72-aac1-633d25459b2c",
              "title": "编辑圈子",
              "fullFile": "C:\\Users\\86132\\Documents\\yss\\project\\test\\hlq\\factionalism.js",
              "file": "\\project\\test\\hlq\\factionalism.js",
              "beforeHooks": [
                {
                  "title": "\"before all\" hook: 编辑",
                  "fullTitle": "圈子 编辑圈子 \"before all\" hook: 编辑",
                  "timedOut": false,
                  "duration": 166,
                  "state": null,
                  "speed": null,
                  "pass": false,
                  "fail": false,
                  "pending": false,
                  "context": null,
                  "code": "await faction.saveGroup({\n    remark: common.getRandomStr(2)\n});",
                  "err": {},
                  "uuid": "d22473b2-bf4f-4f88-b93c-4063446fabb5",
                  "parentUUID": "4ed2bed2-0929-4f72-aac1-633d25459b2c",
                  "isHook": true,
                  "skipped": false
                }
              ],
              "afterHooks": [],
              "tests": [
                {
                  "title": "查询圈子列表",
                  "fullTitle": "圈子 编辑圈子 查询圈子列表",
                  "timedOut": false,
                  "duration": 76,
                  "state": "passed",
                  "speed": "fast",
                  "pass": true,
                  "fail": false,
                  "pending": false,
                  "context": null,
                  "code": "await faction.groupListAssert();",
                  "err": {},
                  "uuid": "6a7c9ca9-5415-45ba-8ee9-dcc1a432a00f",
                  "parentUUID": "4ed2bed2-0929-4f72-aac1-633d25459b2c",
                  "isHook": false,
                  "skipped": false
                },
                {
                  "title": "圈子成员列表",
                  "fullTitle": "圈子 编辑圈子 圈子成员列表",
                  "timedOut": false,
                  "duration": 30,
                  "state": "passed",
                  "speed": "fast",
                  "pass": true,
                  "fail": false,
                  "pending": false,
                  "context": null,
                  "code": "await faction.groupUserListAssert()",
                  "err": {},
                  "uuid": "2c096906-8042-462b-b6b3-0d5270024d02",
                  "parentUUID": "4ed2bed2-0929-4f72-aac1-633d25459b2c",
                  "isHook": false,
                  "skipped": false
                },
                {
                  "title": "圈子统计数据",
                  "fullTitle": "圈子 编辑圈子 圈子统计数据",
                  "timedOut": false,
                  "duration": 28,
                  "state": "passed",
                  "speed": "fast",
                  "pass": true,
                  "fail": false,
                  "pending": false,
                  "context": null,
                  "code": "await faction.singlenGroupDataAssert();",
                  "err": {},
                  "uuid": "09614cb5-1b9b-4aca-8b9a-2545193dff71",
                  "parentUUID": "4ed2bed2-0929-4f72-aac1-633d25459b2c",
                  "isHook": false,
                  "skipped": false
                }
              ],
              "suites": [],
              "passes": [
                "6a7c9ca9-5415-45ba-8ee9-dcc1a432a00f",
                "2c096906-8042-462b-b6b3-0d5270024d02",
                "09614cb5-1b9b-4aca-8b9a-2545193dff71"
              ],
              "failures": [],
              "pending": [],
              "skipped": [],
              "duration": 134,
              "root": false,
              "rootEmpty": false,
              "_timeout": 90000
            },
            {
              "uuid": "50a2f077-3d06-4c30-828b-ea2c39a78ce9",
              "title": "客户端发帖",
              "fullFile": "C:\\Users\\86132\\Documents\\yss\\project\\test\\hlq\\factionalism.js",
              "file": "\\project\\test\\hlq\\factionalism.js",
              "beforeHooks": [
                {
                  "title": "\"before all\" hook: 登录",
                  "fullTitle": "圈子 客户端发帖 \"before all\" hook: 登录",
                  "timedOut": false,
                  "duration": 120,
                  "state": null,
                  "speed": null,
                  "pass": false,
                  "fail": false,
                  "pending": false,
                  "context": null,
                  "code": "await yssLogin.clientLogin()\n// 获取呼啦圈用户信息\nawait baseInfo.getHlqUserInfo();",
                  "err": {},
                  "uuid": "3b5caa05-d460-4ca7-8e4e-41e0ea2fe414",
                  "parentUUID": "50a2f077-3d06-4c30-828b-ea2c39a78ce9",
                  "isHook": true,
                  "skipped": false
                }
              ],
              "afterHooks": [],
              "tests": [],
              "suites": [
                {
                  "uuid": "bc549fc2-a95a-46ba-b4a5-3fcf4bf1970d",
                  "title": "加入圈子",
                  "fullFile": "C:\\Users\\86132\\Documents\\yss\\project\\test\\hlq\\factionalism.js",
                  "file": "\\project\\test\\hlq\\factionalism.js",
                  "beforeHooks": [
                    {
                      "title": "\"before all\" hook: 加入",
                      "fullTitle": "圈子 客户端发帖 加入圈子 \"before all\" hook: 加入",
                      "timedOut": false,
                      "duration": 118,
                      "state": null,
                      "speed": null,
                      "pass": false,
                      "fail": false,
                      "pending": false,
                      "context": null,
                      "code": "await faction.addFaction()",
                      "err": {},
                      "uuid": "cea4d071-94ee-49e4-bab1-d4cd70ad85aa",
                      "parentUUID": "bc549fc2-a95a-46ba-b4a5-3fcf4bf1970d",
                      "isHook": true,
                      "skipped": false
                    }
                  ],
                  "afterHooks": [],
                  "tests": [
                    {
                      "title": "客户端查询圈子列表",
                      "fullTitle": "圈子 客户端发帖 加入圈子 客户端查询圈子列表",
                      "timedOut": false,
                      "duration": 1,
                      "state": "passed",
                      "speed": "fast",
                      "pass": true,
                      "fail": false,
                      "pending": false,
                      "context": null,
                      "code": "faction.queryGroupsList();",
                      "err": {},
                      "uuid": "e50bf628-127d-4aa3-bbf8-87faa9e7b549",
                      "parentUUID": "bc549fc2-a95a-46ba-b4a5-3fcf4bf1970d",
                      "isHook": false,
                      "skipped": false
                    }
                  ],
                  "suites": [],
                  "passes": [
                    "e50bf628-127d-4aa3-bbf8-87faa9e7b549"
                  ],
                  "failures": [],
                  "pending": [],
                  "skipped": [],
                  "duration": 1,
                  "root": false,
                  "rootEmpty": false,
                  "_timeout": 90000
                },
                {
                  "uuid": "e9cb0d01-02a9-4738-8d28-7a1104f4a6d3",
                  "title": "保存贴子",
                  "fullFile": "C:\\Users\\86132\\Documents\\yss\\project\\test\\hlq\\factionalism.js",
                  "file": "\\project\\test\\hlq\\factionalism.js",
                  "beforeHooks": [
                    {
                      "title": "\"before all\" hook: 保存",
                      "fullTitle": "圈子 客户端发帖 保存贴子 \"before all\" hook: 保存",
                      "timedOut": false,
                      "duration": 672,
                      "state": null,
                      "speed": null,
                      "pass": false,
                      "fail": false,
                      "pending": false,
                      "context": null,
                      "code": "await faction.saveBrief();",
                      "err": {},
                      "uuid": "ef971686-fd5f-4a42-923a-d57fec00db80",
                      "parentUUID": "e9cb0d01-02a9-4738-8d28-7a1104f4a6d3",
                      "isHook": true,
                      "skipped": false
                    }
                  ],
                  "afterHooks": [],
                  "tests": [
                    {
                      "title": "客户端贴子列表",
                      "fullTitle": "圈子 客户端发帖 保存贴子 客户端贴子列表",
                      "timedOut": false,
                      "duration": 169,
                      "state": "passed",
                      "speed": "fast",
                      "pass": true,
                      "fail": false,
                      "pending": false,
                      "context": null,
                      "code": "await faction.waterfallListAssert();",
                      "err": {},
                      "uuid": "232765e0-c6bb-4167-b10d-b391fbdf3b51",
                      "parentUUID": "e9cb0d01-02a9-4738-8d28-7a1104f4a6d3",
                      "isHook": false,
                      "skipped": false
                    }
                  ],
                  "suites": [],
                  "passes": [
                    "232765e0-c6bb-4167-b10d-b391fbdf3b51"
                  ],
                  "failures": [],
                  "pending": [],
                  "skipped": [],
                  "duration": 169,
                  "root": false,
                  "rootEmpty": false,
                  "_timeout": 90000
                },
                {
                  "uuid": "5c5756c4-0015-4f87-b7ce-0f3a5849f0a6",
                  "title": "删除帖子",
                  "fullFile": "C:\\Users\\86132\\Documents\\yss\\project\\test\\hlq\\factionalism.js",
                  "file": "\\project\\test\\hlq\\factionalism.js",
                  "beforeHooks": [
                    {
                      "title": "\"before all\" hook",
                      "fullTitle": "圈子 客户端发帖 删除帖子 \"before all\" hook",
                      "timedOut": false,
                      "duration": 263,
                      "state": null,
                      "speed": null,
                      "pass": false,
                      "fail": false,
                      "pending": false,
                      "context": null,
                      "code": "await faction.deletePost();",
                      "err": {},
                      "uuid": "0077bf5b-152a-4fbe-ac55-17c9409ca793",
                      "parentUUID": "5c5756c4-0015-4f87-b7ce-0f3a5849f0a6",
                      "isHook": true,
                      "skipped": false
                    }
                  ],
                  "afterHooks": [],
                  "tests": [
                    {
                      "title": "客户端贴子列表",
                      "fullTitle": "圈子 客户端发帖 删除帖子 客户端贴子列表",
                      "timedOut": false,
                      "duration": 198,
                      "state": "passed",
                      "speed": "fast",
                      "pass": true,
                      "fail": false,
                      "pending": false,
                      "context": null,
                      "code": "await faction.waterfallListAssert({\n    del: true\n});",
                      "err": {},
                      "uuid": "9e9961b2-c232-4023-bc37-97c509b9c616",
                      "parentUUID": "5c5756c4-0015-4f87-b7ce-0f3a5849f0a6",
                      "isHook": false,
                      "skipped": false
                    }
                  ],
                  "suites": [],
                  "passes": [
                    "9e9961b2-c232-4023-bc37-97c509b9c616"
                  ],
                  "failures": [],
                  "pending": [],
                  "skipped": [],
                  "duration": 198,
                  "root": false,
                  "rootEmpty": false,
                  "_timeout": 90000
                }
              ],
              "passes": [],
              "failures": [],
              "pending": [],
              "skipped": [],
              "duration": 0,
              "root": false,
              "rootEmpty": false,
              "_timeout": 90000
            },
            {
              "uuid": "58a60b43-b1b6-43f2-84b8-c14a9b8e328a",
              "title": "解散圈子",
              "fullFile": "C:\\Users\\86132\\Documents\\yss\\project\\test\\hlq\\factionalism.js",
              "file": "\\project\\test\\hlq\\factionalism.js",
              "beforeHooks": [
                {
                  "title": "\"before all\" hook: 解散",
                  "fullTitle": "圈子 解散圈子 \"before all\" hook: 解散",
                  "timedOut": false,
                  "duration": 250,
                  "state": null,
                  "speed": null,
                  "pass": false,
                  "fail": false,
                  "pending": false,
                  "context": null,
                  "code": "await faction.dissolveGroup();",
                  "err": {},
                  "uuid": "4c24357b-610a-41e9-b2e0-0ed718d968a3",
                  "parentUUID": "58a60b43-b1b6-43f2-84b8-c14a9b8e328a",
                  "isHook": true,
                  "skipped": false
                }
              ],
              "afterHooks": [],
              "tests": [
                {
                  "title": "查询圈子列表",
                  "fullTitle": "圈子 解散圈子 查询圈子列表",
                  "timedOut": false,
                  "duration": 148,
                  "state": "passed",
                  "speed": "fast",
                  "pass": true,
                  "fail": false,
                  "pending": false,
                  "context": null,
                  "code": "await faction.groupListAssert();",
                  "err": {},
                  "uuid": "3559c82b-2b3a-4be7-a199-0a00862d9ee9",
                  "parentUUID": "58a60b43-b1b6-43f2-84b8-c14a9b8e328a",
                  "isHook": false,
                  "skipped": false
                },
                {
                  "title": "圈子成员列表",
                  "fullTitle": "圈子 解散圈子 圈子成员列表",
                  "timedOut": false,
                  "duration": 71,
                  "state": "passed",
                  "speed": "fast",
                  "pass": true,
                  "fail": false,
                  "pending": false,
                  "context": null,
                  "code": "await faction.groupUserListAssert()",
                  "err": {},
                  "uuid": "3facf64b-08ec-4a13-a14a-4ac6d975e072",
                  "parentUUID": "58a60b43-b1b6-43f2-84b8-c14a9b8e328a",
                  "isHook": false,
                  "skipped": false
                },
                {
                  "title": "圈子统计数据",
                  "fullTitle": "圈子 解散圈子 圈子统计数据",
                  "timedOut": false,
                  "duration": 69,
                  "state": "passed",
                  "speed": "fast",
                  "pass": true,
                  "fail": false,
                  "pending": false,
                  "context": null,
                  "code": "await faction.singlenGroupDataAssert();",
                  "err": {},
                  "uuid": "f8e9d6f9-15cb-431b-9f37-802422c7e39c",
                  "parentUUID": "58a60b43-b1b6-43f2-84b8-c14a9b8e328a",
                  "isHook": false,
                  "skipped": false
                }
              ],
              "suites": [],
              "passes": [
                "3559c82b-2b3a-4be7-a199-0a00862d9ee9",
                "3facf64b-08ec-4a13-a14a-4ac6d975e072",
                "f8e9d6f9-15cb-431b-9f37-802422c7e39c"
              ],
              "failures": [],
              "pending": [],
              "skipped": [],
              "duration": 288,
              "root": false,
              "rootEmpty": false,
              "_timeout": 90000
            },
            {
              "uuid": "7e8d0d34-68d1-4f5a-b797-08235dbd2e1c",
              "title": "删除圈子",
              "fullFile": "C:\\Users\\86132\\Documents\\yss\\project\\test\\hlq\\factionalism.js",
              "file": "\\project\\test\\hlq\\factionalism.js",
              "beforeHooks": [
                {
                  "title": "\"before all\" hook: 删除",
                  "fullTitle": "圈子 删除圈子 \"before all\" hook: 删除",
                  "timedOut": false,
                  "duration": 167,
                  "state": null,
                  "speed": null,
                  "pass": false,
                  "fail": false,
                  "pending": false,
                  "context": null,
                  "code": "await faction.deleteGroup();",
                  "err": {},
                  "uuid": "615e9516-f601-47a9-a1a1-1eabdb08c75e",
                  "parentUUID": "7e8d0d34-68d1-4f5a-b797-08235dbd2e1c",
                  "isHook": true,
                  "skipped": false
                }
              ],
              "afterHooks": [],
              "tests": [
                {
                  "title": "查询圈子列表",
                  "fullTitle": "圈子 删除圈子 查询圈子列表",
                  "timedOut": false,
                  "duration": 316,
                  "state": "passed",
                  "speed": "medium",
                  "pass": true,
                  "fail": false,
                  "pending": false,
                  "context": null,
                  "code": "await faction.groupListAssert({\n    del: true\n});",
                  "err": {},
                  "uuid": "7a18b3d9-b6d3-40f0-8812-fd9b20fb8c75",
                  "parentUUID": "7e8d0d34-68d1-4f5a-b797-08235dbd2e1c",
                  "isHook": false,
                  "skipped": false
                },
                {
                  "title": "圈子成员列表",
                  "fullTitle": "圈子 删除圈子 圈子成员列表",
                  "timedOut": false,
                  "duration": 69,
                  "state": "passed",
                  "speed": "fast",
                  "pass": true,
                  "fail": false,
                  "pending": false,
                  "context": null,
                  "code": "await faction.groupUserListAssert()",
                  "err": {},
                  "uuid": "39004a10-fc5a-4cd1-baf7-a92b83b0114f",
                  "parentUUID": "7e8d0d34-68d1-4f5a-b797-08235dbd2e1c",
                  "isHook": false,
                  "skipped": false
                },
                {
                  "title": "圈子统计数据",
                  "fullTitle": "圈子 删除圈子 圈子统计数据",
                  "timedOut": false,
                  "duration": 70,
                  "state": "passed",
                  "speed": "fast",
                  "pass": true,
                  "fail": false,
                  "pending": false,
                  "context": null,
                  "code": "await faction.singlenGroupDataAssert();",
                  "err": {},
                  "uuid": "b7bf42a4-1e46-4df5-ade9-0b88cb71fa23",
                  "parentUUID": "7e8d0d34-68d1-4f5a-b797-08235dbd2e1c",
                  "isHook": false,
                  "skipped": false
                }
              ],
              "suites": [],
              "passes": [
                "7a18b3d9-b6d3-40f0-8812-fd9b20fb8c75",
                "39004a10-fc5a-4cd1-baf7-a92b83b0114f",
                "b7bf42a4-1e46-4df5-ade9-0b88cb71fa23"
              ],
              "failures": [],
              "pending": [],
              "skipped": [],
              "duration": 455,
              "root": false,
              "rootEmpty": false,
              "_timeout": 90000
            },
            {
              "uuid": "40c464b3-d6e3-4ee0-9749-10e156ccf3ef",
              "title": "删除圈子类型",
              "fullFile": "C:\\Users\\86132\\Documents\\yss\\project\\test\\hlq\\factionalism.js",
              "file": "\\project\\test\\hlq\\factionalism.js",
              "beforeHooks": [
                {
                  "title": "\"before all\" hook: 删除",
                  "fullTitle": "圈子 删除圈子类型 \"before all\" hook: 删除",
                  "timedOut": false,
                  "duration": 124,
                  "state": null,
                  "speed": null,
                  "pass": false,
                  "fail": false,
                  "pending": false,
                  "context": null,
                  "code": "await faction.delType();",
                  "err": {},
                  "uuid": "2d547bce-cb4a-4aec-886a-ee0e6003dd72",
                  "parentUUID": "40c464b3-d6e3-4ee0-9749-10e156ccf3ef",
                  "isHook": true,
                  "skipped": false
                }
              ],
              "afterHooks": [],
              "tests": [
                {
                  "title": "查看圈子列类型表",
                  "fullTitle": "圈子 删除圈子类型 查看圈子列类型表",
                  "timedOut": false,
                  "duration": 71,
                  "state": "passed",
                  "speed": "fast",
                  "pass": true,
                  "fail": false,
                  "pending": false,
                  "context": null,
                  "code": "await faction.groupsTypeListAssert({\n    del: true\n});",
                  "err": {},
                  "uuid": "2ebfb719-7a70-4eb7-9d3f-7205f490e18d",
                  "parentUUID": "40c464b3-d6e3-4ee0-9749-10e156ccf3ef",
                  "isHook": false,
                  "skipped": false
                }
              ],
              "suites": [],
              "passes": [
                "2ebfb719-7a70-4eb7-9d3f-7205f490e18d"
              ],
              "failures": [],
              "pending": [],
              "skipped": [],
              "duration": 71,
              "root": false,
              "rootEmpty": false,
              "_timeout": 90000
            }
          ],
          "passes": [],
          "failures": [],
          "pending": [],
          "skipped": [],
          "duration": 0,
          "root": false,
          "rootEmpty": false,
          "_timeout": 90000
        },
        {
          "uuid": "15db6931-a86f-46c6-98e4-afc5c6894d7f",
          "title": "资讯",
          "fullFile": "C:\\Users\\86132\\Documents\\yss\\project\\test\\hlq\\information.js",
          "file": "\\project\\test\\hlq\\information.js",
          "beforeHooks": [
            {
              "title": "\"before all\" hook: 运营主管登录",
              "fullTitle": "资讯 \"before all\" hook: 运营主管登录",
              "timedOut": false,
              "duration": 68,
              "state": null,
              "speed": null,
              "pass": false,
              "fail": false,
              "pending": false,
              "context": null,
              "code": "await yssLogin.platfrom({\n    // loginName: 'yyzg',\n    // password: 'csk001',\n    userType: 'yyzg'\n})\n// console.log(PLAT_LOGINDATA);",
              "err": {},
              "uuid": "988a93e7-616a-4304-bb09-cd55af117ac8",
              "parentUUID": "15db6931-a86f-46c6-98e4-afc5c6894d7f",
              "isHook": true,
              "skipped": false
            }
          ],
          "afterHooks": [],
          "tests": [],
          "suites": [
            {
              "uuid": "be606c77-7bee-4e6e-aa8b-2de2101bfba0",
              "title": "新增",
              "fullFile": "C:\\Users\\86132\\Documents\\yss\\project\\test\\hlq\\information.js",
              "file": "\\project\\test\\hlq\\information.js",
              "beforeHooks": [
                {
                  "title": "\"before all\" hook: 新增资讯",
                  "fullTitle": "资讯 新增 \"before all\" hook: 新增资讯",
                  "timedOut": false,
                  "duration": 260,
                  "state": null,
                  "speed": null,
                  "pass": false,
                  "fail": false,
                  "pending": false,
                  "context": null,
                  "code": "json = await informationManage.informationMockJson()\nawait information.saveInfo(json);",
                  "err": {},
                  "uuid": "ca1b616b-8047-4cdb-b51a-ffaa7142cda8",
                  "parentUUID": "be606c77-7bee-4e6e-aa8b-2de2101bfba0",
                  "isHook": true,
                  "skipped": false
                }
              ],
              "afterHooks": [],
              "tests": [
                {
                  "title": "查询资讯列表",
                  "fullTitle": "资讯 新增 查询资讯列表",
                  "timedOut": false,
                  "duration": 81,
                  "state": "passed",
                  "speed": "fast",
                  "pass": true,
                  "fail": false,
                  "pending": false,
                  "context": null,
                  "code": "await information.loadInfoListAssert();",
                  "err": {},
                  "uuid": "5ed80f3b-73db-420f-8730-eed9a92157a6",
                  "parentUUID": "be606c77-7bee-4e6e-aa8b-2de2101bfba0",
                  "isHook": false,
                  "skipped": false
                },
                {
                  "title": "查询资讯详情",
                  "fullTitle": "资讯 新增 查询资讯详情",
                  "timedOut": false,
                  "duration": 93,
                  "state": "passed",
                  "speed": "fast",
                  "pass": true,
                  "fail": false,
                  "pending": false,
                  "context": null,
                  "code": "await information.loadInfoDetailAssert();",
                  "err": {},
                  "uuid": "52249fc8-78ef-42ce-831c-6f26d567021f",
                  "parentUUID": "be606c77-7bee-4e6e-aa8b-2de2101bfba0",
                  "isHook": false,
                  "skipped": false
                }
              ],
              "suites": [],
              "passes": [
                "5ed80f3b-73db-420f-8730-eed9a92157a6",
                "52249fc8-78ef-42ce-831c-6f26d567021f"
              ],
              "failures": [],
              "pending": [],
              "skipped": [],
              "duration": 174,
              "root": false,
              "rootEmpty": false,
              "_timeout": 90000
            },
            {
              "uuid": "ae92dd40-a02a-4364-92fb-367ffee6fe34",
              "title": "置顶",
              "fullFile": "C:\\Users\\86132\\Documents\\yss\\project\\test\\hlq\\information.js",
              "file": "\\project\\test\\hlq\\information.js",
              "beforeHooks": [
                {
                  "title": "\"before all\" hook: 置顶资讯",
                  "fullTitle": "资讯 置顶 \"before all\" hook: 置顶资讯",
                  "timedOut": false,
                  "duration": 197,
                  "state": null,
                  "speed": null,
                  "pass": false,
                  "fail": false,
                  "pending": false,
                  "context": null,
                  "code": "await information.setTop();",
                  "err": {},
                  "uuid": "76251148-f423-4bf3-96c8-d1ca369c3ec3",
                  "parentUUID": "ae92dd40-a02a-4364-92fb-367ffee6fe34",
                  "isHook": true,
                  "skipped": false
                }
              ],
              "afterHooks": [],
              "tests": [
                {
                  "title": "查询资讯列表",
                  "fullTitle": "资讯 置顶 查询资讯列表",
                  "timedOut": false,
                  "duration": 114,
                  "state": "passed",
                  "speed": "fast",
                  "pass": true,
                  "fail": false,
                  "pending": false,
                  "context": null,
                  "code": "await information.loadInfoListAssert();",
                  "err": {},
                  "uuid": "7cdc459f-2f1d-4a2c-ac29-61ff92b452e6",
                  "parentUUID": "ae92dd40-a02a-4364-92fb-367ffee6fe34",
                  "isHook": false,
                  "skipped": false
                },
                {
                  "title": "查询资讯详情",
                  "fullTitle": "资讯 置顶 查询资讯详情",
                  "timedOut": false,
                  "duration": 57,
                  "state": "passed",
                  "speed": "fast",
                  "pass": true,
                  "fail": false,
                  "pending": false,
                  "context": null,
                  "code": "await information.loadInfoDetailAssert();",
                  "err": {},
                  "uuid": "af49530e-74da-42eb-a3ef-8dc866b76bbc",
                  "parentUUID": "ae92dd40-a02a-4364-92fb-367ffee6fe34",
                  "isHook": false,
                  "skipped": false
                }
              ],
              "suites": [],
              "passes": [
                "7cdc459f-2f1d-4a2c-ac29-61ff92b452e6",
                "af49530e-74da-42eb-a3ef-8dc866b76bbc"
              ],
              "failures": [],
              "pending": [],
              "skipped": [],
              "duration": 171,
              "root": false,
              "rootEmpty": false,
              "_timeout": 90000
            },
            {
              "uuid": "70c2616e-ae3c-4ced-b1bd-4f85595243b9",
              "title": "取消置顶",
              "fullFile": "C:\\Users\\86132\\Documents\\yss\\project\\test\\hlq\\information.js",
              "file": "\\project\\test\\hlq\\information.js",
              "beforeHooks": [
                {
                  "title": "\"before all\" hook: 置顶资讯",
                  "fullTitle": "资讯 取消置顶 \"before all\" hook: 置顶资讯",
                  "timedOut": false,
                  "duration": 256,
                  "state": null,
                  "speed": null,
                  "pass": false,
                  "fail": false,
                  "pending": false,
                  "context": null,
                  "code": "await information.setTop();",
                  "err": {},
                  "uuid": "254d75c9-8f30-4a76-a5e3-ee5e8a8d5efb",
                  "parentUUID": "70c2616e-ae3c-4ced-b1bd-4f85595243b9",
                  "isHook": true,
                  "skipped": false
                }
              ],
              "afterHooks": [],
              "tests": [
                {
                  "title": "查询资讯列表",
                  "fullTitle": "资讯 取消置顶 查询资讯列表",
                  "timedOut": false,
                  "duration": 104,
                  "state": "passed",
                  "speed": "fast",
                  "pass": true,
                  "fail": false,
                  "pending": false,
                  "context": null,
                  "code": "await information.loadInfoListAssert();",
                  "err": {},
                  "uuid": "c8d587ee-195a-48cd-b601-d90935cdc544",
                  "parentUUID": "70c2616e-ae3c-4ced-b1bd-4f85595243b9",
                  "isHook": false,
                  "skipped": false
                },
                {
                  "title": "查询资讯详情",
                  "fullTitle": "资讯 取消置顶 查询资讯详情",
                  "timedOut": false,
                  "duration": 97,
                  "state": "passed",
                  "speed": "fast",
                  "pass": true,
                  "fail": false,
                  "pending": false,
                  "context": null,
                  "code": "await information.loadInfoDetailAssert();",
                  "err": {},
                  "uuid": "f384834e-8a53-41f8-872a-f48c40483fa7",
                  "parentUUID": "70c2616e-ae3c-4ced-b1bd-4f85595243b9",
                  "isHook": false,
                  "skipped": false
                }
              ],
              "suites": [],
              "passes": [
                "c8d587ee-195a-48cd-b601-d90935cdc544",
                "f384834e-8a53-41f8-872a-f48c40483fa7"
              ],
              "failures": [],
              "pending": [],
              "skipped": [],
              "duration": 201,
              "root": false,
              "rootEmpty": false,
              "_timeout": 90000
            },
            {
              "uuid": "ddf47277-df64-4a4f-8cbb-cbb18ea7cb8d",
              "title": "发布",
              "fullFile": "C:\\Users\\86132\\Documents\\yss\\project\\test\\hlq\\information.js",
              "file": "\\project\\test\\hlq\\information.js",
              "beforeHooks": [
                {
                  "title": "\"before all\" hook: 发布资讯",
                  "fullTitle": "资讯 发布 \"before all\" hook: 发布资讯",
                  "timedOut": false,
                  "duration": 261,
                  "state": null,
                  "speed": null,
                  "pass": false,
                  "fail": false,
                  "pending": false,
                  "context": null,
                  "code": "await information.publish();",
                  "err": {},
                  "uuid": "861062d4-1a94-43f6-8e94-137734dbd52c",
                  "parentUUID": "ddf47277-df64-4a4f-8cbb-cbb18ea7cb8d",
                  "isHook": true,
                  "skipped": false
                }
              ],
              "afterHooks": [],
              "tests": [
                {
                  "title": "查询资讯列表",
                  "fullTitle": "资讯 发布 查询资讯列表",
                  "timedOut": false,
                  "duration": 117,
                  "state": "passed",
                  "speed": "fast",
                  "pass": true,
                  "fail": false,
                  "pending": false,
                  "context": null,
                  "code": "await information.loadInfoListAssert();",
                  "err": {},
                  "uuid": "a2c88a62-209f-49e2-a1e8-ce4e605ab522",
                  "parentUUID": "ddf47277-df64-4a4f-8cbb-cbb18ea7cb8d",
                  "isHook": false,
                  "skipped": false
                },
                {
                  "title": "查询资讯详情",
                  "fullTitle": "资讯 发布 查询资讯详情",
                  "timedOut": false,
                  "duration": 73,
                  "state": "passed",
                  "speed": "fast",
                  "pass": true,
                  "fail": false,
                  "pending": false,
                  "context": null,
                  "code": "await information.loadInfoDetailAssert();",
                  "err": {},
                  "uuid": "1954af6e-c611-4fda-887d-fb8395798d0e",
                  "parentUUID": "ddf47277-df64-4a4f-8cbb-cbb18ea7cb8d",
                  "isHook": false,
                  "skipped": false
                }
              ],
              "suites": [],
              "passes": [
                "a2c88a62-209f-49e2-a1e8-ce4e605ab522",
                "1954af6e-c611-4fda-887d-fb8395798d0e"
              ],
              "failures": [],
              "pending": [],
              "skipped": [],
              "duration": 190,
              "root": false,
              "rootEmpty": false,
              "_timeout": 90000
            },
            {
              "uuid": "b6507ca5-09e4-4bab-b51c-019a1403dc30",
              "title": "取消发布",
              "fullFile": "C:\\Users\\86132\\Documents\\yss\\project\\test\\hlq\\information.js",
              "file": "\\project\\test\\hlq\\information.js",
              "beforeHooks": [],
              "afterHooks": [],
              "tests": [
                {
                  "title": "取消发布",
                  "fullTitle": "资讯 取消发布 取消发布",
                  "timedOut": false,
                  "duration": 205,
                  "state": "passed",
                  "speed": "fast",
                  "pass": true,
                  "fail": false,
                  "pending": false,
                  "context": null,
                  "code": "await information.publish({\n    off: true\n});",
                  "err": {},
                  "uuid": "5db0f8cc-cf7f-4fbd-84b7-d04dbcf64354",
                  "parentUUID": "b6507ca5-09e4-4bab-b51c-019a1403dc30",
                  "isHook": false,
                  "skipped": false
                },
                {
                  "title": "查询资讯列表",
                  "fullTitle": "资讯 取消发布 查询资讯列表",
                  "timedOut": false,
                  "duration": 106,
                  "state": "passed",
                  "speed": "fast",
                  "pass": true,
                  "fail": false,
                  "pending": false,
                  "context": null,
                  "code": "await information.loadInfoListAssert();",
                  "err": {},
                  "uuid": "950cd89f-644c-49ef-9c18-493766adc163",
                  "parentUUID": "b6507ca5-09e4-4bab-b51c-019a1403dc30",
                  "isHook": false,
                  "skipped": false
                },
                {
                  "title": "查询资讯详情",
                  "fullTitle": "资讯 取消发布 查询资讯详情",
                  "timedOut": false,
                  "duration": 74,
                  "state": "passed",
                  "speed": "fast",
                  "pass": true,
                  "fail": false,
                  "pending": false,
                  "context": null,
                  "code": "await information.loadInfoDetailAssert();",
                  "err": {},
                  "uuid": "c8639cef-4e78-41f2-897c-d7d8ec5b37f3",
                  "parentUUID": "b6507ca5-09e4-4bab-b51c-019a1403dc30",
                  "isHook": false,
                  "skipped": false
                }
              ],
              "suites": [],
              "passes": [
                "5db0f8cc-cf7f-4fbd-84b7-d04dbcf64354",
                "950cd89f-644c-49ef-9c18-493766adc163",
                "c8639cef-4e78-41f2-897c-d7d8ec5b37f3"
              ],
              "failures": [],
              "pending": [],
              "skipped": [],
              "duration": 385,
              "root": false,
              "rootEmpty": false,
              "_timeout": 90000
            },
            {
              "uuid": "28c056d4-2487-4200-a55e-8ee27ad546a6",
              "title": "为不可评论资讯，后台追加评论",
              "fullFile": "C:\\Users\\86132\\Documents\\yss\\project\\test\\hlq\\information.js",
              "file": "\\project\\test\\hlq\\information.js",
              "beforeHooks": [
                {
                  "title": "\"before all\" hook: 添加评论",
                  "fullTitle": "资讯 为不可评论资讯，后台追加评论 \"before all\" hook: 添加评论",
                  "timedOut": false,
                  "duration": 150,
                  "state": null,
                  "speed": null,
                  "pass": false,
                  "fail": false,
                  "pending": false,
                  "context": null,
                  "code": "errorMsg = await information.addInfoComment();",
                  "err": {},
                  "uuid": "18edbe06-5b36-4d37-9cc6-28d74dcdaf71",
                  "parentUUID": "28c056d4-2487-4200-a55e-8ee27ad546a6",
                  "isHook": true,
                  "skipped": false
                }
              ],
              "afterHooks": [],
              "tests": [
                {
                  "title": "断言评论",
                  "fullTitle": "资讯 为不可评论资讯，后台追加评论 断言评论",
                  "timedOut": false,
                  "duration": 0,
                  "state": "passed",
                  "speed": "fast",
                  "pass": true,
                  "fail": false,
                  "pending": false,
                  "context": null,
                  "code": "await information.commentAssert(errorMsg);",
                  "err": {},
                  "uuid": "86204482-6173-48b9-9cd3-6348da38f082",
                  "parentUUID": "28c056d4-2487-4200-a55e-8ee27ad546a6",
                  "isHook": false,
                  "skipped": false
                }
              ],
              "suites": [],
              "passes": [
                "86204482-6173-48b9-9cd3-6348da38f082"
              ],
              "failures": [],
              "pending": [],
              "skipped": [],
              "duration": 0,
              "root": false,
              "rootEmpty": false,
              "_timeout": 90000
            },
            {
              "uuid": "cdad0b7d-7bd4-4fe2-8844-8bd64a0d83f7",
              "title": "可评论资讯，后台追加评论",
              "fullFile": "C:\\Users\\86132\\Documents\\yss\\project\\test\\hlq\\information.js",
              "file": "\\project\\test\\hlq\\information.js",
              "beforeHooks": [
                {
                  "title": "\"before all\" hook: 编辑帖子可评论",
                  "fullTitle": "资讯 可评论资讯，后台追加评论 \"before all\" hook: 编辑帖子可评论",
                  "timedOut": false,
                  "duration": 271,
                  "state": null,
                  "speed": null,
                  "pass": false,
                  "fail": false,
                  "pending": false,
                  "context": null,
                  "code": "const editParams = Object.assign(\n    json, { commentFlag: 2 }\n)\nawait information.saveInfo(editParams);",
                  "err": {},
                  "uuid": "1cd1fb82-c270-44dd-beba-526107bea1a0",
                  "parentUUID": "cdad0b7d-7bd4-4fe2-8844-8bd64a0d83f7",
                  "isHook": true,
                  "skipped": false
                }
              ],
              "afterHooks": [],
              "tests": [
                {
                  "title": "添加评论",
                  "fullTitle": "资讯 可评论资讯，后台追加评论 添加评论",
                  "timedOut": false,
                  "duration": 128,
                  "state": "passed",
                  "speed": "fast",
                  "pass": true,
                  "fail": false,
                  "pending": false,
                  "context": null,
                  "code": "await information.addInfoComment();",
                  "err": {},
                  "uuid": "a5ad4145-6c47-4e61-b2d1-3d6f6a54b1e7",
                  "parentUUID": "cdad0b7d-7bd4-4fe2-8844-8bd64a0d83f7",
                  "isHook": false,
                  "skipped": false
                },
                {
                  "title": "断言评论",
                  "fullTitle": "资讯 可评论资讯，后台追加评论 断言评论",
                  "timedOut": false,
                  "duration": 0,
                  "state": "passed",
                  "speed": "fast",
                  "pass": true,
                  "fail": false,
                  "pending": false,
                  "context": null,
                  "code": "",
                  "err": {},
                  "uuid": "d36c4027-80ab-424c-8198-b0a63ebc3392",
                  "parentUUID": "cdad0b7d-7bd4-4fe2-8844-8bd64a0d83f7",
                  "isHook": false,
                  "skipped": false
                }
              ],
              "suites": [],
              "passes": [
                "a5ad4145-6c47-4e61-b2d1-3d6f6a54b1e7",
                "d36c4027-80ab-424c-8198-b0a63ebc3392"
              ],
              "failures": [],
              "pending": [],
              "skipped": [],
              "duration": 128,
              "root": false,
              "rootEmpty": false,
              "_timeout": 90000
            },
            {
              "uuid": "22b09a0d-c16d-45b0-82dc-68b1849236dd",
              "title": "客户端查看资讯",
              "fullFile": "C:\\Users\\86132\\Documents\\yss\\project\\test\\hlq\\information.js",
              "file": "\\project\\test\\hlq\\information.js",
              "beforeHooks": [
                {
                  "title": "\"before all\" hook: 用户登录",
                  "fullTitle": "资讯 客户端查看资讯 \"before all\" hook: 用户登录",
                  "timedOut": false,
                  "duration": 48,
                  "state": null,
                  "speed": null,
                  "pass": false,
                  "fail": false,
                  "pending": false,
                  "context": null,
                  "code": "await yssLogin.clientLogin();",
                  "err": {},
                  "uuid": "e2734a2b-47c3-4577-9cd0-087e34bb6ebe",
                  "parentUUID": "22b09a0d-c16d-45b0-82dc-68b1849236dd",
                  "isHook": true,
                  "skipped": false
                }
              ],
              "afterHooks": [],
              "tests": [
                {
                  "title": "客户端查看资讯列表",
                  "fullTitle": "资讯 客户端查看资讯 客户端查看资讯列表",
                  "timedOut": false,
                  "duration": 218,
                  "state": "passed",
                  "speed": "fast",
                  "pass": true,
                  "fail": false,
                  "pending": false,
                  "context": null,
                  "code": "await information.quaryinformationList()",
                  "err": {},
                  "uuid": "c9a0cd5f-4755-4241-864c-b24260017ad3",
                  "parentUUID": "22b09a0d-c16d-45b0-82dc-68b1849236dd",
                  "isHook": false,
                  "skipped": false
                }
              ],
              "suites": [],
              "passes": [
                "c9a0cd5f-4755-4241-864c-b24260017ad3"
              ],
              "failures": [],
              "pending": [],
              "skipped": [],
              "duration": 218,
              "root": false,
              "rootEmpty": false,
              "_timeout": 90000
            },
            {
              "uuid": "e0bfb9e6-1f7f-4e4a-90be-9d85456806d2",
              "title": "删除资讯",
              "fullFile": "C:\\Users\\86132\\Documents\\yss\\project\\test\\hlq\\information.js",
              "file": "\\project\\test\\hlq\\information.js",
              "beforeHooks": [
                {
                  "title": "\"before all\" hook: 删除资讯",
                  "fullTitle": "资讯 删除资讯 \"before all\" hook: 删除资讯",
                  "timedOut": false,
                  "duration": 248,
                  "state": null,
                  "speed": null,
                  "pass": false,
                  "fail": false,
                  "pending": false,
                  "context": null,
                  "code": "await yssLogin.platfrom({\n    userType: 'yyzg'\n})\nawait information.deleteInfo();",
                  "err": {},
                  "uuid": "9c92a55f-5bbd-444d-b5f1-33dadeba7dfc",
                  "parentUUID": "e0bfb9e6-1f7f-4e4a-90be-9d85456806d2",
                  "isHook": true,
                  "skipped": false
                }
              ],
              "afterHooks": [],
              "tests": [
                {
                  "title": "查询资讯列表",
                  "fullTitle": "资讯 删除资讯 查询资讯列表",
                  "timedOut": false,
                  "duration": 103,
                  "state": "passed",
                  "speed": "fast",
                  "pass": true,
                  "fail": false,
                  "pending": false,
                  "context": null,
                  "code": "await information.loadInfoListAssert({\n    del: true\n});",
                  "err": {},
                  "uuid": "01ad8f02-c088-4a8e-a85b-be01cd2766ec",
                  "parentUUID": "e0bfb9e6-1f7f-4e4a-90be-9d85456806d2",
                  "isHook": false,
                  "skipped": false
                },
                {
                  "title": "查询资讯详情",
                  "fullTitle": "资讯 删除资讯 查询资讯详情",
                  "timedOut": false,
                  "duration": 73,
                  "state": "passed",
                  "speed": "fast",
                  "pass": true,
                  "fail": false,
                  "pending": false,
                  "context": null,
                  "code": "await information.loadInfoDetailAssert({ del: true });",
                  "err": {},
                  "uuid": "44e46251-795c-4e4e-9f77-271c31dff10f",
                  "parentUUID": "e0bfb9e6-1f7f-4e4a-90be-9d85456806d2",
                  "isHook": false,
                  "skipped": false
                }
              ],
              "suites": [],
              "passes": [
                "01ad8f02-c088-4a8e-a85b-be01cd2766ec",
                "44e46251-795c-4e4e-9f77-271c31dff10f"
              ],
              "failures": [],
              "pending": [],
              "skipped": [],
              "duration": 176,
              "root": false,
              "rootEmpty": false,
              "_timeout": 90000
            }
          ],
          "passes": [],
          "failures": [],
          "pending": [],
          "skipped": [],
          "duration": 0,
          "root": false,
          "rootEmpty": false,
          "_timeout": 90000
        },
        {
          "uuid": "ca818d71-baae-459b-8925-7e86d81e2422",
          "title": "帖子",
          "fullFile": "C:\\Users\\86132\\Documents\\yss\\project\\test\\hlq\\waterFull.js",
          "file": "\\project\\test\\hlq\\waterFull.js",
          "beforeHooks": [
            {
              "title": "\"before all\" hook: 登录",
              "fullTitle": "帖子 \"before all\" hook: 登录",
              "timedOut": false,
              "duration": 237,
              "state": null,
              "speed": null,
              "pass": false,
              "fail": false,
              "pending": false,
              "context": null,
              "code": "await yssLogin.clientLogin()\n// 获取呼啦圈用户信息\nawait baseInfo.getHlqUserInfo();",
              "err": {},
              "uuid": "00e00a54-40be-4497-9f85-03d5a632acda",
              "parentUUID": "ca818d71-baae-459b-8925-7e86d81e2422",
              "isHook": true,
              "skipped": false
            }
          ],
          "afterHooks": [],
          "tests": [
            {
              "title": "获取随机圈子",
              "fullTitle": "帖子 获取随机圈子",
              "timedOut": false,
              "duration": 162,
              "state": "passed",
              "speed": "fast",
              "pass": true,
              "fail": false,
              "pending": false,
              "context": null,
              "code": "await yssLogin.platfrom({\n    userType: 'yyzg'\n})\nconst res = await waterFall._getRandomGroup();\nconsole.log(res);\n// await waterFall.updateWater();\n// await waterFall.waterFullDetailAssert()",
              "err": {},
              "uuid": "077a582b-0e9a-4bc0-b2d9-6ee398b91766",
              "parentUUID": "ca818d71-baae-459b-8925-7e86d81e2422",
              "isHook": false,
              "skipped": false
            }
          ],
          "suites": [
            {
              "uuid": "0eedbb06-4e95-45b2-8135-b804bb9af5b4",
              "title": "发布帖子",
              "fullFile": "C:\\Users\\86132\\Documents\\yss\\project\\test\\hlq\\waterFull.js",
              "file": "\\project\\test\\hlq\\waterFull.js",
              "beforeHooks": [
                {
                  "title": "\"before all\" hook: 发帖",
                  "fullTitle": "帖子 发布帖子 \"before all\" hook: 发帖",
                  "timedOut": false,
                  "duration": 510,
                  "state": null,
                  "speed": null,
                  "pass": false,
                  "fail": false,
                  "pending": false,
                  "context": null,
                  "code": "await waterFall.saveBrief()",
                  "err": {},
                  "uuid": "026d315d-90b2-40f7-b2e9-934407dafcc1",
                  "parentUUID": "0eedbb06-4e95-45b2-8135-b804bb9af5b4",
                  "isHook": true,
                  "skipped": false
                }
              ],
              "afterHooks": [],
              "tests": [
                {
                  "title": "查看帖子详情",
[...]
                      "state": null,
                      "speed": null,
                      "pass": false,
                      "fail": false,
                      "pending": true,
                      "context": null,
                      "code": "",
                      "err": {},
                      "uuid": "90850848-77ce-42a2-a6dc-2fb06dda83b5",
                      "parentUUID": "6d37f608-4f96-45e0-a98b-273138100d88",
                      "isHook": false,
                      "skipped": false
                    },
                    {
                      "title": "编辑科目",
                      "fullTitle": "网络考试院校端 设置报名 设置报名 编辑科目",
                      "timedOut": false,
                      "duration": 0,
                      "state": null,
                      "speed": null,
                      "pass": false,
                      "fail": false,
                      "pending": true,
                      "context": null,
                      "code": "",
                      "err": {},
                      "uuid": "5348c8af-8b77-4a20-af0b-a0797c75a767",
                      "parentUUID": "6d37f608-4f96-45e0-a98b-273138100d88",
                      "isHook": false,
                      "skipped": false
                    }
                  ],
                  "suites": [],
                  "passes": [],
                  "failures": [],
                  "pending": [
                    "b80bdda3-3557-4566-9582-2579e5a9f37c",
                    "982bcabf-be89-4b2c-8a03-4708ba88ae8a",
                    "e403d70d-e60b-47c3-81b0-27966907a06d",
                    "c84ea8cb-f3e0-4d34-a5f0-276f847f1156",
                    "45c85a27-1b1f-4c79-8650-383fa842848f",
                    "f66d70dd-a407-4349-8ba3-ab275bfaafd0",
                    "9a7ca04b-5c0b-4c68-b3b6-ad0250f0e5bd",
                    "440cb268-bb56-4720-9727-ffe28ca0437c",
                    "9891f69e-8e80-435e-9b47-3390019fc527",
                    "e6d47fd6-7b14-4f1b-aab4-3f4645e38318",
                    "90850848-77ce-42a2-a6dc-2fb06dda83b5",
                    "5348c8af-8b77-4a20-af0b-a0797c75a767"
                  ],
                  "skipped": [],
                  "duration": 0,
                  "root": false,
                  "rootEmpty": false,
                  "_timeout": 90000
                }
              ],
              "passes": [],
              "failures": [],
              "pending": [
                "c6d5f362-cc3b-42f6-a966-215a34caf790"
              ],
              "skipped": [],
              "duration": 0,
              "root": false,
              "rootEmpty": false,
              "_timeout": 90000
            }
          ],
          "passes": [],
          "failures": [],
          "pending": [],
          "skipped": [],
          "duration": 0,
          "root": false,
          "rootEmpty": false,
          "_timeout": 90000
        },
        {
          "uuid": "8d90a44e-24fe-418a-b41a-092cfe1785cd",
          "title": "留学",
          "fullFile": "C:\\Users\\86132\\Documents\\yss\\project\\test\\wish\\abroad.js",
          "file": "\\project\\test\\wish\\abroad.js",
          "beforeHooks": [],
          "afterHooks": [],
          "tests": [],
          "suites": [
            {
              "uuid": "ebf9d973-66a7-4ff4-9ae7-1c772dddbe13",
              "title": "新增/编辑留学院校",
              "fullFile": "C:\\Users\\86132\\Documents\\yss\\project\\test\\wish\\abroad.js",
              "file": "\\project\\test\\wish\\abroad.js",
              "beforeHooks": [],
              "afterHooks": [],
              "tests": [
                {
                  "title": "查询留学院校列表",
                  "fullTitle": "留学 新增/编辑留学院校 查询留学院校列表",
                  "timedOut": false,
                  "duration": 0,
                  "state": null,
                  "speed": null,
                  "pass": false,
                  "fail": false,
                  "pending": true,
                  "context": null,
                  "code": "",
                  "err": {},
                  "uuid": "c37a88e6-a66b-44fe-b892-c65e7688becc",
                  "parentUUID": "ebf9d973-66a7-4ff4-9ae7-1c772dddbe13",
                  "isHook": false,
                  "skipped": false
                }
              ],
              "suites": [
                {
                  "uuid": "bd19528b-4f80-418a-a36a-58cfe1cecf77",
                  "title": "客户端查看",
                  "fullFile": "C:\\Users\\86132\\Documents\\yss\\project\\test\\wish\\abroad.js",
                  "file": "\\project\\test\\wish\\abroad.js",
                  "beforeHooks": [],
                  "afterHooks": [],
                  "tests": [
                    {
                      "title": "客户端查看留学院校列表",
                      "fullTitle": "留学 新增/编辑留学院校 客户端查看 客户端查看留学院校列表",
                      "timedOut": false,
                      "duration": 0,
                      "state": null,
                      "speed": null,
                      "pass": false,
                      "fail": false,
                      "pending": true,
                      "context": null,
                      "code": "",
                      "err": {},
                      "uuid": "88984eba-33c1-4863-8954-3f0dfb9aba46",
                      "parentUUID": "bd19528b-4f80-418a-a36a-58cfe1cecf77",
                      "isHook": false,
                      "skipped": false
                    }
                  ],
                  "suites": [],
                  "passes": [],
                  "failures": [],
                  "pending": [
                    "88984eba-33c1-4863-8954-3f0dfb9aba46"
                  ],
                  "skipped": [],
                  "duration": 0,
                  "root": false,
                  "rootEmpty": false,
                  "_timeout": 2000
                }
              ],
              "passes": [],
              "failures": [],
              "pending": [
                "c37a88e6-a66b-44fe-b892-c65e7688becc"
              ],
              "skipped": [],
              "duration": 0,
              "root": false,
              "rootEmpty": false,
              "_timeout": 2000
            },
            {
              "uuid": "8897e0c9-7731-4c40-9345-844dfa951911",
              "title": "留学院校类别",
              "fullFile": "C:\\Users\\86132\\Documents\\yss\\project\\test\\wish\\abroad.js",
              "file": "\\project\\test\\wish\\abroad.js",
              "beforeHooks": [],
              "afterHooks": [],
              "tests": [],
              "suites": [
                {
                  "uuid": "d127bca9-8ccf-45dd-8254-a468e5ab9fb7",
                  "title": "新增类别",
                  "fullFile": "C:\\Users\\86132\\Documents\\yss\\project\\test\\wish\\abroad.js",
                  "file": "\\project\\test\\wish\\abroad.js",
                  "beforeHooks": [],
                  "afterHooks": [],
                  "tests": [
                    {
                      "title": "查询类别列表",
                      "fullTitle": "留学 留学院校类别 新增类别 查询类别列表",
                      "timedOut": false,
                      "duration": 0,
                      "state": null,
                      "speed": null,
                      "pass": false,
                      "fail": false,
                      "pending": true,
                      "context": null,
                      "code": "",
                      "err": {},
                      "uuid": "08390820-a055-4a7c-afc3-5725de3fdda8",
                      "parentUUID": "d127bca9-8ccf-45dd-8254-a468e5ab9fb7",
                      "isHook": false,
                      "skipped": false
                    }
                  ],
                  "suites": [],
                  "passes": [],
                  "failures": [],
                  "pending": [
                    "08390820-a055-4a7c-afc3-5725de3fdda8"
                  ],
                  "skipped": [],
                  "duration": 0,
                  "root": false,
                  "rootEmpty": false,
                  "_timeout": 2000
                },
                {
                  "uuid": "887bada1-05b1-4436-b6f7-5c998054bfb5",
                  "title": "删除类别",
                  "fullFile": "C:\\Users\\86132\\Documents\\yss\\project\\test\\wish\\abroad.js",
                  "file": "\\project\\test\\wish\\abroad.js",
                  "beforeHooks": [],
                  "afterHooks": [],
                  "tests": [
                    {
                      "title": "查询类别列表",
                      "fullTitle": "留学 留学院校类别 删除类别 查询类别列表",
                      "timedOut": false,
                      "duration": 0,
                      "state": null,
                      "speed": null,
                      "pass": false,
                      "fail": false,
                      "pending": true,
                      "context": null,
                      "code": "",
                      "err": {},
                      "uuid": "158be1a4-b7dc-40d5-85d2-9ab5fca77079",
                      "parentUUID": "887bada1-05b1-4436-b6f7-5c998054bfb5",
                      "isHook": false,
                      "skipped": false
                    }
                  ],
                  "suites": [],
                  "passes": [],
                  "failures": [],
                  "pending": [
                    "158be1a4-b7dc-40d5-85d2-9ab5fca77079"
                  ],
                  "skipped": [],
                  "duration": 0,
                  "root": false,
                  "rootEmpty": false,
                  "_timeout": 2000
                }
              ],
              "passes": [],
              "failures": [],
              "pending": [],
              "skipped": [],
              "duration": 0,
              "root": false,
              "rootEmpty": false,
              "_timeout": 2000
            }
          ],
          "passes": [],
          "failures": [],
          "pending": [],
          "skipped": [],
          "duration": 0,
          "root": false,
          "rootEmpty": false,
          "_timeout": 2000
        },
        {
          "uuid": "c5205bab-b3ee-4697-8300-73f242181b1f",
          "title": "考生创建评画",
          "fullFile": "C:\\Users\\86132\\Documents\\yss\\project\\test\\wish\\abroad.js",
          "file": "\\project\\test\\wish\\abroad.js",
          "beforeHooks": [
            {
              "title": "\"before all\" hook: 保存评画",
              "fullTitle": "考生创建评画 \"before all\" hook: 保存评画",
              "timedOut": false,
              "duration": 671,
              "state": null,
              "speed": null,
              "pass": false,
              "fail": false,
              "pending": false,
              "context": null,
              "code": "await yssLogin.clientLogin({\n    loginName: '330350',\n    password: 'Csk001',\n})\n// 保存评画\nawait eval.saveEvaluation(teacher)\n// 创建订单\nawait eval.saveEvalOrder();\n// 支付\nawait eval.pay()",
              "err": {},
              "uuid": "f2c50f27-f1ee-4a88-9dfc-d20f19db2fe8",
              "parentUUID": "c5205bab-b3ee-4697-8300-73f242181b1f",
              "isHook": true,
              "skipped": false
            }
          ],
          "afterHooks": [],
          "tests": [
            {
              "title": "用户查看评画列表",
              "fullTitle": "考生创建评画 用户查看评画列表",
              "timedOut": false,
              "duration": 141,
              "state": "passed",
              "speed": "fast",
              "pass": true,
              "fail": false,
              "pending": false,
              "context": null,
              "code": "await eval.queryMyEvaluationAresst()",
              "err": {},
              "uuid": "6c2c392a-c9d6-4aa1-b733-040d0a37db2e",
              "parentUUID": "c5205bab-b3ee-4697-8300-73f242181b1f",
              "isHook": false,
              "skipped": false
            }
          ],
          "suites": [],
          "passes": [
            "6c2c392a-c9d6-4aa1-b733-040d0a37db2e"
          ],
          "failures": [],
          "pending": [],
          "skipped": [],
          "duration": 141,
          "root": false,
          "rootEmpty": false,
          "_timeout": 2000
        },
        {
          "uuid": "26bac179-a613-4bc8-b5ea-9c3240b7ec94",
          "title": "老师评画",
          "fullFile": "C:\\Users\\86132\\Documents\\yss\\project\\test\\wish\\abroad.js",
          "file": "\\project\\test\\wish\\abroad.js",
          "beforeHooks": [],
          "afterHooks": [],
          "tests": [
            {
              "title": "老师登录",
              "fullTitle": "老师评画 老师登录",
              "timedOut": false,
              "duration": 0,
              "state": null,
              "speed": null,
              "pass": false,
              "fail": false,
              "pending": true,
              "context": null,
              "code": "",
              "err": {},
              "uuid": "98e243ea-fb53-4e25-b8ce-5f28df76838c",
              "parentUUID": "26bac179-a613-4bc8-b5ea-9c3240b7ec94",
              "isHook": false,
              "skipped": false
            },
            {
              "title": "提交批改",
              "fullTitle": "老师评画 提交批改",
              "timedOut": false,
              "duration": 0,
              "state": null,
              "speed": null,
              "pass": false,
              "fail": false,
              "pending": true,
              "context": null,
              "code": "",
              "err": {},
              "uuid": "5e685c29-2ad0-4c84-a2c0-16536978c646",
              "parentUUID": "26bac179-a613-4bc8-b5ea-9c3240b7ec94",
              "isHook": false,
              "skipped": false
            }
          ],
          "suites": [],
          "passes": [],
          "failures": [],
          "pending": [
            "98e243ea-fb53-4e25-b8ce-5f28df76838c",
            "5e685c29-2ad0-4c84-a2c0-16536978c646"
          ],
          "skipped": [],
          "duration": 0,
          "root": false,
          "rootEmpty": false,
          "_timeout": 2000
        },
        {
          "uuid": "b1cac4cc-2f72-4306-8e25-5dfba3668d3f",
          "title": "设置修改次数",
          "fullFile": "C:\\Users\\86132\\Documents\\yss\\project\\test\\wish\\abroad.js",
          "file": "\\project\\test\\wish\\abroad.js",
          "beforeHooks": [
            {
              "title": "\"before all\" hook: 平台登录",
              "fullTitle": "设置修改次数 \"before all\" hook: 平台登录",
              "timedOut": false,
              "duration": 62,
              "state": null,
              "speed": null,
              "pass": false,
              "fail": false,
              "pending": false,
              "context": null,
              "code": "await yssLogin.platfrom({\n    userType: 'cbyy',\n});",
              "err": {},
              "uuid": "55015c5e-bbd5-4529-80f7-25abe1ef9dec",
              "parentUUID": "b1cac4cc-2f72-4306-8e25-5dfba3668d3f",
              "isHook": true,
              "skipped": false
            }
          ],
          "afterHooks": [],
          "tests": [
            {
              "title": "查看概率用户",
              "fullTitle": "设置修改次数 查看概率用户",
              "timedOut": false,
              "duration": 103,
              "state": "passed",
              "speed": "fast",
              "pass": true,
              "fail": false,
              "pending": false,
              "context": null,
              "code": "await prob.getProbUserInfo()",
              "err": {},
              "uuid": "ee0514f4-326d-4af1-b978-aa76333b69cd",
              "parentUUID": "b1cac4cc-2f72-4306-8e25-5dfba3668d3f",
              "isHook": false,
              "skipped": false
            },
            {
              "title": "修改用户次数",
              "fullTitle": "设置修改次数 修改用户次数",
              "timedOut": false,
              "duration": 178,
              "state": "passed",
              "speed": "fast",
              "pass": true,
              "fail": false,
              "pending": false,
              "context": null,
              "code": "await prob.saveModifyNumEdit()",
              "err": {},
              "uuid": "715ad29f-3d13-4813-a936-28e1843d6357",
              "parentUUID": "b1cac4cc-2f72-4306-8e25-5dfba3668d3f",
              "isHook": false,
              "skipped": false
            }
          ],
          "suites": [],
          "passes": [
            "ee0514f4-326d-4af1-b978-aa76333b69cd",
            "715ad29f-3d13-4813-a936-28e1843d6357"
          ],
          "failures": [],
          "pending": [],
          "skipped": [],
          "duration": 281,
          "root": false,
          "rootEmpty": false,
          "_timeout": 2000
        },
        {
          "uuid": "af07bcfd-ad54-4342-b403-7bce282b5c3e",
          "title": "完善录取概率信息",
          "fullFile": "C:\\Users\\86132\\Documents\\yss\\project\\test\\wish\\abroad.js",
          "file": "\\project\\test\\wish\\abroad.js",
          "beforeHooks": [
            {
              "title": "\"before all\" hook: 获取省份分数线",
              "fullTitle": "完善录取概率信息 \"before all\" hook: 获取省份分数线",
              "timedOut": false,
              "duration": 70,
              "state": null,
              "speed": null,
              "pass": false,
              "fail": false,
              "pending": false,
              "context": null,
              "code": "await prob.getAosAndProfTypeList();",
              "err": {},
              "uuid": "2a0f60d7-960f-4816-90d2-2d023d2e710b",
              "parentUUID": "af07bcfd-ad54-4342-b403-7bce282b5c3e",
              "isHook": true,
              "skipped": false
            }
          ],
          "afterHooks": [],
          "tests": [
            {
              "title": "完善信息",
              "fullTitle": "完善录取概率信息 完善信息",
              "timedOut": false,
              "duration": 149,
              "state": "passed",
              "speed": "fast",
              "pass": true,
              "fail": false,
              "pending": false,
              "context": null,
              "code": "await prob.saveUser();",
              "err": {},
              "uuid": "dbfb9243-eef7-4475-829d-c291b54d343d",
              "parentUUID": "af07bcfd-ad54-4342-b403-7bce282b5c3e",
              "isHook": false,
              "skipped": false
            },
            {
              "title": "校验完善后信息",
              "fullTitle": "完善录取概率信息 校验完善后信息",
              "timedOut": false,
              "duration": 53,
              "state": "passed",
              "speed": "fast",
              "pass": true,
              "fail": false,
              "pending": false,
              "context": null,
              "code": "await prob.assertUserInfo();",
              "err": {},
              "uuid": "8b3066e7-7000-4aef-9fa4-f07b78112dcb",
              "parentUUID": "af07bcfd-ad54-4342-b403-7bce282b5c3e",
              "isHook": false,
              "skipped": false
            }
          ],
          "suites": [],
          "passes": [
            "dbfb9243-eef7-4475-829d-c291b54d343d",
            "8b3066e7-7000-4aef-9fa4-f07b78112dcb"
          ],
          "failures": [],
          "pending": [],
          "skipped": [],
          "duration": 202,
          "root": false,
          "rootEmpty": false,
          "_timeout": 2000
        }
      ],
      "passes": [],
      "failures": [],
      "pending": [],
      "skipped": [],
      "duration": 0,
      "root": true,
      "rootEmpty": true,
      "_timeout": 2000
    }
  ],
  "meta": {
    "mocha": {
      "version": "5.2.0"
    },
    "mochawesome": {
      "options": {
        "quiet": false,
        "reportFilename": "mochawesome",
        "saveHtml": true,
        "saveJson": true,
        "consoleReporter": "spec",
        "useInlineDiffs": false
      },
      "version": "4.1.0"
    },
    "marge": {
      "options": {},
      "version": "4.1.0"
    }
  }
}