{
  "stats": {
    "suites": 3,
    "tests": 4,
    "passes": 1,
    "pending": 3,
    "failures": 0,
    "start": "2020-11-09T04:28:11.069Z",
    "end": "2020-11-09T04:28:11.301Z",
    "duration": 232,
    "testsRegistered": 4,
    "passPercent": 100,
    "pendingPercent": 75,
    "other": 0,
    "hasOther": false,
    "skipped": 0,
    "hasSkipped": false
  },
  "results": [
    {
      "uuid": "625be625-087c-4ad6-9d5b-f5d14bfcaa28",
      "title": "",
      "fullFile": "",
      "file": "",
      "beforeHooks": [],
      "afterHooks": [],
      "tests": [],
      "suites": [
        {
          "uuid": "5993babb-d614-426c-ba4e-d40eaffe4af7",
          "title": "平台部",
          "fullFile": "C:\\Users\\86132\\Documents\\yss\\prob\\test\\version\\v1020.js",
          "file": "\\prob\\test\\version\\v1020.js",
          "beforeHooks": [
            {
              "title": "\"before all\" hook: 用户登录",
              "fullTitle": "平台部 \"before all\" hook: 用户登录",
              "timedOut": false,
              "duration": 131,
              "state": null,
              "speed": null,
              "pass": false,
              "fail": false,
              "pending": false,
              "context": null,
              "code": "await yssLogin.clientLogin();",
              "err": {},
              "uuid": "f28799c6-8c74-4b01-9860-591674646415",
              "parentUUID": "5993babb-d614-426c-ba4e-d40eaffe4af7",
              "isHook": true,
              "skipped": false
            }
          ],
          "afterHooks": [],
          "tests": [
            {
              "title": "根据省份查询资讯列表",
              "fullTitle": "平台部 根据省份查询资讯列表",
              "timedOut": false,
              "duration": 95,
              "state": "passed",
              "speed": "slow",
              "pass": true,
              "fail": false,
              "pending": false,
              "context": null,
              "code": "const qInfo = await infoApp.queryInfoListByProvinceCode({\n    data:{\n        m:'',\n        p:{\n            provinceCode:230000  \n        }\n    }\n})\nconsole.log(qInfo);\nconsole.log(qInfo.result.datas.page);",
              "err": {},
              "uuid": "d710e7b8-0c46-40c7-9ccf-91b38cd809b8",
              "parentUUID": "5993babb-d614-426c-ba4e-d40eaffe4af7",
              "isHook": false,
              "skipped": false
            }
          ],
          "suites": [],
          "passes": [
            "d710e7b8-0c46-40c7-9ccf-91b38cd809b8"
          ],
          "failures": [],
          "pending": [],
          "skipped": [],
          "duration": 95,
          "root": false,
          "rootEmpty": false,
          "_timeout": 90000
        },
        {
          "uuid": "4501af47-a23c-474f-a51f-b0ba768e1bcb",
          "title": "C部",
          "fullFile": "C:\\Users\\86132\\Documents\\yss\\prob\\test\\version\\v1020.js",
          "file": "\\prob\\test\\version\\v1020.js",
          "beforeHooks": [],
          "afterHooks": [],
          "tests": [],
          "suites": [
            {
              "uuid": "84a2557c-0566-4499-97ec-affed830df2e",
              "title": "指南",
              "fullFile": "C:\\Users\\86132\\Documents\\yss\\prob\\test\\version\\v1020.js",
              "file": "\\prob\\test\\version\\v1020.js",
              "beforeHooks": [],
              "afterHooks": [],
              "tests": [
                {
                  "title": "保存指南用户（旧）",
                  "fullTitle": "C部 指南 保存指南用户（旧）",
                  "timedOut": false,
                  "duration": 0,
                  "state": null,
                  "speed": null,
                  "pass": false,
                  "fail": false,
                  "pending": true,
                  "context": null,
                  "code": "",
                  "err": {},
                  "uuid": "1dacd629-8352-4107-9cf5-1f502f5edb26",
                  "parentUUID": "84a2557c-0566-4499-97ec-affed830df2e",
                  "isHook": false,
                  "skipped": false
                },
                {
                  "title": "保存指南用户（新）",
                  "fullTitle": "C部 指南 保存指南用户（新）",
                  "timedOut": false,
                  "duration": 0,
                  "state": null,
                  "speed": null,
                  "pass": false,
                  "fail": false,
                  "pending": true,
                  "context": null,
                  "code": "",
                  "err": {},
                  "uuid": "3440aa04-0e5a-4f7e-b4d1-b4a7e0f30dd8",
                  "parentUUID": "84a2557c-0566-4499-97ec-affed830df2e",
                  "isHook": false,
                  "skipped": false
                },
                {
                  "title": "校考院校列表",
                  "fullTitle": "C部 指南 校考院校列表",
                  "timedOut": false,
                  "duration": 0,
                  "state": null,
                  "speed": null,
                  "pass": false,
                  "fail": false,
                  "pending": true,
                  "context": null,
                  "code": "",
                  "err": {},
                  "uuid": "3ffeb047-23c6-4337-9fdf-1be7a46f338a",
                  "parentUUID": "84a2557c-0566-4499-97ec-affed830df2e",
                  "isHook": false,
                  "skipped": false
                }
              ],
              "suites": [],
              "passes": [],
              "failures": [],
              "pending": [
                "1dacd629-8352-4107-9cf5-1f502f5edb26",
                "3440aa04-0e5a-4f7e-b4d1-b4a7e0f30dd8",
                "3ffeb047-23c6-4337-9fdf-1be7a46f338a"
              ],
              "skipped": [],
              "duration": 0,
              "root": false,
              "rootEmpty": false,
              "_timeout": 90000
            }
          ],
          "passes": [],
          "failures": [],
          "pending": [],
          "skipped": [],
          "duration": 0,
          "root": false,
          "rootEmpty": false,
          "_timeout": 90000
        }
      ],
      "passes": [],
      "failures": [],
      "pending": [],
      "skipped": [],
      "duration": 0,
      "root": true,
      "rootEmpty": true,
      "_timeout": 2000
    }
  ],
  "meta": {
    "mocha": {
      "version": "5.2.0"
    },
    "mochawesome": {
      "options": {
        "quiet": false,
        "reportFilename": "mochawesome",
        "saveHtml": true,
        "saveJson": true,
        "consoleReporter": "spec",
        "useInlineDiffs": false
      },
      "version": "4.1.0"
    },
    "marge": {
      "options": {},
      "version": "4.1.0"
    }
  }
}